<?xml version="1.0" encoding="UTF-8"?>
<!-- Generated by org.testng.reporters.JUnitXMLReporter -->
<testsuite ignored="1" hostname="Bose_ThinkPad" failures="1" tests="5" name="Test" time="25.677" errors="0" timestamp="2024-09-01T23:01:08 PDT">
  <testcase classname="com.saucedemo.test.LoginPageTests" name="testLoginPageTitle" time="0.529"/>
  <testcase classname="com.saucedemo.test.LoginPageTests" name="testLoginFunction" time="3.503"/>
  <testcase classname="com.saucedemo.test.LoginPageTests" name="testUsernameBlank" time="3.317"/>
  <testcase classname="com.saucedemo.test.LoginPageTests" name="testPasswordBlank" time="3.375"/>
  <testcase classname="com.saucedemo.test.LoginPageTests" name="testLoginPageTitleFailed" time="0.484">
    <failure type="java.lang.AssertionError" message="expected [true] but found [false]">
      <![CDATA[java.lang.AssertionError: expected [true] but found [false]
at com.saucedemo.test.LoginPageTests.testLoginPageTitleFailed(LoginPageTests.java:66)
at java.base/java.util.ArrayList.forEach(ArrayList.java:1511)
... Removed 31 stack frames]]>
    </failure>
  </testcase> <!-- testLoginPageTitleFailed -->
  <testcase classname="com.saucedemo.test.BaseTest" name="@BeforeSuite setUpReport" time="0.0">
    <ignored/>
  </testcase> <!-- @BeforeSuite setUpReport -->
</testsuite> <!-- Test -->
